<?xml version="1.0" encoding="UTF-8"?>
<testng-results ignored="0" total="1" passed="1" failed="0" skipped="0">
  <reporter-output>
  </reporter-output>
  <suite started-at="2024-08-09T12:16:54 IST" name="Default suite" finished-at="2024-08-09T12:18:00 IST" duration-ms="66478">
    <groups>
    </groups>
    <test started-at="2024-08-09T12:16:54 IST" name="Default test" finished-at="2024-08-09T12:18:00 IST" duration-ms="66478">
      <class name="MavenProject.ToAddScreenshotIntoReference">
        <test-method signature="addScreenshot()[pri:0, instance:MavenProject.ToAddScreenshotIntoReference@2e6a8155]" started-at="2024-08-09T12:16:54 IST" name="addScreenshot" finished-at="2024-08-09T12:18:00 IST" duration-ms="66429" status="PASS">
          <reporter-output>
          </reporter-output>
        </test-method> <!-- addScreenshot -->
      </class> <!-- MavenProject.ToAddScreenshotIntoReference -->
    </test> <!-- Default test -->
  </suite> <!-- Default suite -->
</testng-results>
